info: Server connected to 8040 {"timestamp":"2021-05-05 19:40:14"}
info: Connection Successful! {"timestamp":"2021-05-05 19:40:14"}
info: Server connected to 8040 {"timestamp":"2021-05-07 11:25:30"}
info: Connection Successful! {"timestamp":"2021-05-07 11:25:31"}
info: Server connected to 8040 {"timestamp":"2021-05-07 11:30:04"}
info: Connection Successful! {"timestamp":"2021-05-07 11:30:04"}
info: Server connected to 8040 {"timestamp":"2021-05-07 11:31:03"}
info: Connection Successful! {"timestamp":"2021-05-07 11:31:03"}
info: Server connected to 8040 {"timestamp":"2021-05-07 23:43:11"}
info: Connection Successful! {"timestamp":"2021-05-07 23:43:11"}
info: Server connected to 8040 {"timestamp":"2021-05-07 23:46:56"}
info: Connection Successful! {"timestamp":"2021-05-07 23:46:57"}
info: Server connected to 8040 {"timestamp":"2021-05-07 23:48:37"}
info: Connection Successful! {"timestamp":"2021-05-07 23:48:37"}
info: Server connected to 8040 {"timestamp":"2021-05-07 23:53:25"}
info: Connection Successful! {"timestamp":"2021-05-07 23:53:25"}
info: Server connected to 8040 {"timestamp":"2021-05-07 23:58:24"}
info: Connection Successful! {"timestamp":"2021-05-07 23:58:24"}
info: Record inserted Successfully {"timestamp":"2021-05-08 00:02:31"}
info: Session Created for User:-  ved.rb11@gmail.com {"timestamp":"2021-05-08 00:03:38"}
info: Information Updated!! {"timestamp":"2021-05-08 00:06:27"}
info: Logout!! {"timestamp":"2021-05-08 00:10:52"}
warn: Session Terminated!!! {"timestamp":"2021-05-08 00:10:52"}
info: Server connected to 8040 {"timestamp":"2021-05-08 01:32:23"}
info: Connection Successful! {"timestamp":"2021-05-08 01:32:24"}
info: Record inserted Successfully {"timestamp":"2021-05-08 01:33:35"}
info: Session Created for User:-  ved.rb11@gmail.com {"timestamp":"2021-05-08 01:34:08"}
info: Logout!! {"timestamp":"2021-05-08 01:34:52"}
warn: Session Terminated!!! {"timestamp":"2021-05-08 01:34:52"}
info: Server connected to 8040 {"timestamp":"2021-05-08 01:37:31"}
info: Connection Successful! {"timestamp":"2021-05-08 01:37:31"}
info: Server connected to 8040 {"timestamp":"2021-05-08 01:38:35"}
info: Connection Successful! {"timestamp":"2021-05-08 01:38:35"}
info: Server connected to 8040 {"timestamp":"2021-05-08 01:38:53"}
info: Connection Successful! {"timestamp":"2021-05-08 01:38:53"}
info: Server connected to 8040 {"timestamp":"2021-05-08 01:38:59"}
info: Connection Successful! {"timestamp":"2021-05-08 01:38:59"}
info: Server connected to 8040 {"timestamp":"2021-05-08 01:39:03"}
info: Connection Successful! {"timestamp":"2021-05-08 01:39:03"}
info: Server connected to 8040 {"timestamp":"2021-05-08 01:39:10"}
info: Connection Successful! {"timestamp":"2021-05-08 01:39:10"}
info: Server connected to 8040 {"timestamp":"2021-05-08 01:43:40"}
info: Connection Successful! {"timestamp":"2021-05-08 01:43:40"}
info: Server connected to 8040 {"timestamp":"2021-05-08 01:44:37"}
info: Connection Successful! {"timestamp":"2021-05-08 01:44:37"}
info: Server connected to 8040 {"timestamp":"2021-05-08 01:48:14"}
info: Connection Successful! {"timestamp":"2021-05-08 01:48:14"}
info: Server connected to 8040 {"timestamp":"2021-05-08 01:51:31"}
info: Connection Successful! {"timestamp":"2021-05-08 01:51:31"}
info: Session Created for User:-  ved.rb11@gmail.com {"timestamp":"2021-05-08 01:54:22"}
info: Session Created for User:-  ved.rb11@gmail.com {"timestamp":"2021-05-08 01:55:09"}
info: Session Created for User:-  ved.rb11@gmail.com {"timestamp":"2021-05-08 02:02:52"}
info: Session Created for User:-  ved.rb11@gmail.com {"timestamp":"2021-05-08 02:03:30"}
info: Session Created for User:-  ved.rb11@gmail.com {"timestamp":"2021-05-08 02:03:38"}
info: Session Created for User:-  ved.rb11@gmail.com {"timestamp":"2021-05-08 02:04:49"}
info: Record inserted Successfully {"timestamp":"2021-05-08 02:06:30"}
info: Logout!! {"timestamp":"2021-05-08 02:07:03"}
warn: Session Terminated!!! {"timestamp":"2021-05-08 02:07:03"}
info: Record inserted Successfully {"timestamp":"2021-05-08 02:07:47"}
info: Server connected to 8040 {"timestamp":"2021-05-08 02:27:11"}
info: Connection Successful! {"timestamp":"2021-05-08 02:27:12"}
info: Record inserted Successfully {"timestamp":"2021-05-08 02:28:20"}
info: Session Created for User:-  ved.rb11@gmail.com {"timestamp":"2021-05-08 02:28:45"}
info: Logout!! {"timestamp":"2021-05-08 02:29:51"}
warn: Session Terminated!!! {"timestamp":"2021-05-08 02:29:51"}
info: Server connected to 8040 {"timestamp":"2021-05-08 10:43:26"}
info: Connection Successful! {"timestamp":"2021-05-08 10:43:26"}
info: Session Created for User:-  ved.rb11@gmail.com {"timestamp":"2021-05-08 10:44:42"}
info: Session Created for User:-  ved.rb11@gmail.com {"timestamp":"2021-05-08 10:44:50"}
info: Record inserted Successfully {"timestamp":"2021-05-08 10:46:49"}
info: Logout!! {"timestamp":"2021-05-08 12:33:12"}
warn: Session Terminated!!! {"timestamp":"2021-05-08 12:33:12"}
info: Server connected to 8040 {"timestamp":"2021-05-08 18:02:12"}
info: Server connected to 8040 {"timestamp":"2021-05-08 18:02:48"}
info: Connection Successful! {"timestamp":"2021-05-08 18:02:48"}
info: Server connected to 8040 {"timestamp":"2021-05-08 18:02:50"}
info: Connection Successful! {"timestamp":"2021-05-08 18:02:50"}
info: Server connected to 8040 {"timestamp":"2021-05-08 18:08:09"}
info: Server connected to 8040 {"timestamp":"2021-05-08 18:09:47"}
info: Server connected to 8040 {"timestamp":"2021-05-08 18:10:57"}
info: Server connected to 8040 {"timestamp":"2021-05-08 18:15:19"}
info: Server connected to 8040 {"timestamp":"2021-05-08 18:16:54"}
info: Connection Successful! {"timestamp":"2021-05-08 18:16:54"}
info: Server connected to 8040 {"timestamp":"2021-05-08 19:07:57"}
info: Connection Successful! {"timestamp":"2021-05-08 19:07:58"}
info: Record inserted Successfully {"timestamp":"2021-05-08 19:09:29"}
error: Wrong Credentials  {"timestamp":"2021-05-08 19:10:43"}
info: Server connected to 8040 {"timestamp":"2021-05-08 19:17:47"}
info: Connection Successful! {"timestamp":"2021-05-08 19:17:47"}
error: Wrong Credentials  {"timestamp":"2021-05-08 19:18:11"}
info: Server connected to 8040 {"timestamp":"2021-05-08 19:19:38"}
info: Connection Successful! {"timestamp":"2021-05-08 19:19:38"}
info: Server connected to 8040 {"timestamp":"2021-05-08 19:19:42"}
info: Connection Successful! {"timestamp":"2021-05-08 19:19:43"}
error: Wrong Credentials  {"timestamp":"2021-05-08 19:19:49"}
error: Wrong Credentials  {"timestamp":"2021-05-08 19:20:05"}
error: Wrong Credentials  {"timestamp":"2021-05-08 19:20:18"}
error: Wrong Credentials  {"timestamp":"2021-05-08 19:20:35"}
error: Wrong Credentials  {"timestamp":"2021-05-08 19:21:04"}
info: Server connected to 8040 {"timestamp":"2021-05-08 19:23:46"}
info: Connection Successful! {"timestamp":"2021-05-08 19:23:46"}
error: Wrong Credentials  {"timestamp":"2021-05-08 19:23:55"}
info: Server connected to 8040 {"timestamp":"2021-05-08 19:25:21"}
info: Connection Successful! {"timestamp":"2021-05-08 19:25:21"}
error: Wrong Credentials  {"timestamp":"2021-05-08 19:25:35"}
error: Password not matched {"timestamp":"2021-05-08 19:27:06"}
info: Record inserted Successfully {"timestamp":"2021-05-08 19:28:05"}
error: Wrong Credentials  {"timestamp":"2021-05-08 19:29:14"}
info: Server connected to 8040 {"timestamp":"2021-05-08 19:31:40"}
info: Connection Successful! {"timestamp":"2021-05-08 19:31:40"}
error: Wrong Credentials  {"timestamp":"2021-05-08 19:32:36"}
info: Server connected to 8040 {"timestamp":"2021-05-08 19:36:05"}
info: Connection Successful! {"timestamp":"2021-05-08 19:36:05"}
info: Server connected to 8040 {"timestamp":"2021-05-08 19:36:59"}
info: Connection Successful! {"timestamp":"2021-05-08 19:37:00"}
error: Wrong Credentials  {"timestamp":"2021-05-08 19:37:13"}
info: Session Created for User:-  ved.rb11@gmail.com {"timestamp":"2021-05-08 19:37:26"}
info: Session Created for User:-  ved.rb11@gmail.com {"timestamp":"2021-05-08 19:37:34"}
info: Record inserted Successfully {"timestamp":"2021-05-08 19:38:12"}
info: Server connected to 8040 {"timestamp":"2021-05-08 20:06:18"}
info: Connection Successful! {"timestamp":"2021-05-08 20:06:19"}
info: Server connected to 8040 {"timestamp":"2021-05-08 20:14:16"}
info: Connection Successful! {"timestamp":"2021-05-08 20:14:16"}
error: Wrong Credentials  {"timestamp":"2021-05-08 20:14:32"}
info: Session Created for User:-  ved.rb11@gmail.com {"timestamp":"2021-05-08 20:14:49"}
info: Logout!! {"timestamp":"2021-05-08 20:14:57"}
warn: Session Terminated!!! {"timestamp":"2021-05-08 20:14:57"}
info: Server connected to 8040 {"timestamp":"2021-05-09 12:45:49"}
info: Connection Successful! {"timestamp":"2021-05-09 12:45:51"}
info: Server connected to 8040 {"timestamp":"2021-05-09 12:47:08"}
info: Connection Successful! {"timestamp":"2021-05-09 12:47:08"}
info: Server connected to 8040 {"timestamp":"2021-05-09 12:48:49"}
info: Connection Successful! {"timestamp":"2021-05-09 12:48:49"}
info: Server connected to 8040 {"timestamp":"2021-05-09 12:49:09"}
info: Connection Successful! {"timestamp":"2021-05-09 12:49:09"}
info: Server connected to 8040 {"timestamp":"2021-05-10 09:27:05"}
info: Server connected to 8040 {"timestamp":"2021-05-10 09:35:17"}
info: Connection Successful! {"timestamp":"2021-05-10 09:35:17"}
info: Server connected to 8040 {"timestamp":"2021-05-10 09:38:23"}
info: Connection Successful! {"timestamp":"2021-05-10 09:38:23"}
info: Server connected to 8040 {"timestamp":"2021-05-10 09:38:26"}
info: Connection Successful! {"timestamp":"2021-05-10 09:38:26"}
error: Wrong Credentials  {"timestamp":"2021-05-10 09:38:40"}
info: Server connected to 8040 {"timestamp":"2021-05-10 09:39:45"}
info: Connection Successful! {"timestamp":"2021-05-10 09:39:45"}
info: Session Created for User:-  ved.rb11@gmail.com {"timestamp":"2021-05-10 09:40:05"}
info: Logout!! {"timestamp":"2021-05-10 09:40:18"}
warn: Session Terminated!!! {"timestamp":"2021-05-10 09:40:18"}
info: Server connected to 8040 {"timestamp":"2021-05-10 09:42:39"}
info: Connection Successful! {"timestamp":"2021-05-10 09:42:39"}
error: Wrong Credentials  {"timestamp":"2021-05-10 09:42:55"}
info: Server connected to 8040 {"timestamp":"2021-05-10 09:43:47"}
info: Connection Successful! {"timestamp":"2021-05-10 09:43:47"}
info: Server connected to 8040 {"timestamp":"2021-05-10 09:44:27"}
info: Connection Successful! {"timestamp":"2021-05-10 09:44:27"}
error: Wrong Credentials  {"timestamp":"2021-05-10 09:44:41"}
error: Wrong Credentials  {"timestamp":"2021-05-10 09:44:51"}
info: Server connected to 8040 {"timestamp":"2021-05-10 09:47:05"}
info: Connection Successful! {"timestamp":"2021-05-10 09:47:05"}
error: Wrong Credentials  {"timestamp":"2021-05-10 09:47:14"}
error: Wrong Credentials  {"timestamp":"2021-05-10 09:47:25"}
info: Session Created for User:-  ved.rb11@gmail.com {"timestamp":"2021-05-10 09:47:37"}
info: Logout!! {"timestamp":"2021-05-10 09:48:12"}
warn: Session Terminated!!! {"timestamp":"2021-05-10 09:48:12"}
info: Server connected to 8040 {"timestamp":"2021-05-10 09:49:36"}
info: Connection Successful! {"timestamp":"2021-05-10 09:49:36"}
info: Server connected to 8040 {"timestamp":"2021-05-10 09:50:45"}
info: Connection Successful! {"timestamp":"2021-05-10 09:50:45"}
info: Server connected to 8040 {"timestamp":"2021-05-10 09:50:52"}
info: Connection Successful! {"timestamp":"2021-05-10 09:50:52"}
info: Record inserted Successfully {"timestamp":"2021-05-10 09:51:34"}
error: Wrong Credentials  {"timestamp":"2021-05-10 09:52:04"}
error: Wrong Credentials  {"timestamp":"2021-05-10 09:52:19"}
info: Session Created for User:-  payal@gmail.com {"timestamp":"2021-05-10 09:52:32"}
info: Information Updated!! {"timestamp":"2021-05-10 09:55:26"}
info: Logout!! {"timestamp":"2021-05-10 09:55:49"}
warn: Session Terminated!!! {"timestamp":"2021-05-10 09:55:49"}
error: Wrong Credentials  {"timestamp":"2021-05-10 09:56:00"}
info: Session Created for User:-  payal@gmail.com {"timestamp":"2021-05-10 09:56:15"}
info: Logout!! {"timestamp":"2021-05-10 09:56:21"}
warn: Session Terminated!!! {"timestamp":"2021-05-10 09:56:21"}
error: Wrong Credentials  {"timestamp":"2021-05-10 09:56:34"}
info: Server connected to 8040 {"timestamp":"2021-05-10 11:20:43"}
info: Connection Successful! {"timestamp":"2021-05-10 11:20:44"}
info: Server connected to 8040 {"timestamp":"2021-05-10 12:35:21"}
info: Connection Successful! {"timestamp":"2021-05-10 12:35:21"}
info: Session Created for User:-  payal@gmail.com {"timestamp":"2021-05-10 12:38:03"}
info: Logout!! {"timestamp":"2021-05-10 12:38:45"}
warn: Session Terminated!!! {"timestamp":"2021-05-10 12:38:45"}
info: Server connected to 8040 {"timestamp":"2021-05-10 12:40:40"}
info: Connection Successful! {"timestamp":"2021-05-10 12:40:41"}
info: Server connected to 8040 {"timestamp":"2021-05-10 12:52:19"}
info: Connection Successful! {"timestamp":"2021-05-10 12:52:19"}
info: Server connected to 8040 {"timestamp":"2021-05-10 12:54:00"}
info: Connection Successful! {"timestamp":"2021-05-10 12:54:00"}
info: Server connected to 8040 {"timestamp":"2021-05-10 12:58:15"}
info: Connection Successful! {"timestamp":"2021-05-10 12:58:15"}
info: Server connected to 8040 {"timestamp":"2021-05-10 13:02:39"}
info: Connection Successful! {"timestamp":"2021-05-10 13:02:39"}
info: Server connected to 8040 {"timestamp":"2021-05-10 13:04:06"}
info: Connection Successful! {"timestamp":"2021-05-10 13:04:06"}
info: Server connected to 8040 {"timestamp":"2021-05-10 13:09:44"}
info: Connection Successful! {"timestamp":"2021-05-10 13:09:44"}
info: Session Created for User:-  payal@gmail.com {"timestamp":"2021-05-10 13:10:22"}
info: Session Created for User:-  payal@gmail.com {"timestamp":"2021-05-10 13:12:31"}
info: Server connected to 8040 {"timestamp":"2021-05-10 13:14:51"}
info: Connection Successful! {"timestamp":"2021-05-10 13:14:51"}
info: Server connected to 8040 {"timestamp":"2021-05-10 13:15:10"}
info: Connection Successful! {"timestamp":"2021-05-10 13:15:11"}
info: Server connected to 8040 {"timestamp":"2021-05-10 13:16:08"}
info: Connection Successful! {"timestamp":"2021-05-10 13:16:08"}
error: User Not Found {"timestamp":"2021-05-10 13:16:08"}
error: Please, Login first {"timestamp":"2021-05-10 13:16:08"}
info: Server connected to 8040 {"timestamp":"2021-05-10 13:16:44"}
info: Connection Successful! {"timestamp":"2021-05-10 13:16:44"}
info: Server connected to 8040 {"timestamp":"2021-05-10 13:18:42"}
info: Connection Successful! {"timestamp":"2021-05-10 13:18:42"}
info: Server connected to 8040 {"timestamp":"2021-05-10 13:20:03"}
info: Connection Successful! {"timestamp":"2021-05-10 13:20:03"}
info: Server connected to 8040 {"timestamp":"2021-05-10 13:22:01"}
info: Connection Successful! {"timestamp":"2021-05-10 13:22:01"}
info: Server connected to 8040 {"timestamp":"2021-05-10 13:22:16"}
info: Connection Successful! {"timestamp":"2021-05-10 13:22:16"}
info: Server connected to 8040 {"timestamp":"2021-05-10 13:23:19"}
info: Connection Successful! {"timestamp":"2021-05-10 13:23:19"}
info: Server connected to 8040 {"timestamp":"2021-05-10 13:27:04"}
info: Connection Successful! {"timestamp":"2021-05-10 13:27:04"}
info: Server connected to 8040 {"timestamp":"2021-05-10 13:29:56"}
info: Connection Successful! {"timestamp":"2021-05-10 13:29:56"}
info: Server connected to 8040 {"timestamp":"2021-05-10 13:30:33"}
info: Connection Successful! {"timestamp":"2021-05-10 13:30:33"}
info: Server connected to 8040 {"timestamp":"2021-05-10 13:30:48"}
info: Connection Successful! {"timestamp":"2021-05-10 13:30:48"}
info: Server connected to 8040 {"timestamp":"2021-05-10 13:33:18"}
info: Connection Successful! {"timestamp":"2021-05-10 13:33:18"}
info: Server connected to 8040 {"timestamp":"2021-05-10 13:39:00"}
info: Connection Successful! {"timestamp":"2021-05-10 13:39:00"}
info: Server connected to 8040 {"timestamp":"2021-05-10 13:39:08"}
info: Connection Successful! {"timestamp":"2021-05-10 13:39:08"}
info: Server connected to 8040 {"timestamp":"2021-05-10 13:39:12"}
info: Connection Successful! {"timestamp":"2021-05-10 13:39:12"}
info: Server connected to 8040 {"timestamp":"2021-05-10 13:39:42"}
info: Connection Successful! {"timestamp":"2021-05-10 13:39:42"}
info: Server connected to 8040 {"timestamp":"2021-05-10 13:39:59"}
info: Connection Successful! {"timestamp":"2021-05-10 13:39:59"}
info: Server connected to 8040 {"timestamp":"2021-05-10 13:40:42"}
info: Connection Successful! {"timestamp":"2021-05-10 13:40:42"}
info: Server connected to 8040 {"timestamp":"2021-05-10 13:42:21"}
info: Connection Successful! {"timestamp":"2021-05-10 13:42:22"}
info: Server connected to 8040 {"timestamp":"2021-05-10 13:42:26"}
info: Connection Successful! {"timestamp":"2021-05-10 13:42:26"}
info: Server connected to 8040 {"timestamp":"2021-05-10 13:43:04"}
info: Connection Successful! {"timestamp":"2021-05-10 13:43:04"}
info: Server connected to 8040 {"timestamp":"2021-05-10 13:44:01"}
info: Connection Successful! {"timestamp":"2021-05-10 13:44:01"}
info: Server connected to 8040 {"timestamp":"2021-05-10 13:44:08"}
info: Connection Successful! {"timestamp":"2021-05-10 13:44:08"}
info: Server connected to 8040 {"timestamp":"2021-05-10 13:45:09"}
info: Connection Successful! {"timestamp":"2021-05-10 13:45:09"}
info: Server connected to 8040 {"timestamp":"2021-05-10 13:46:02"}
info: Connection Successful! {"timestamp":"2021-05-10 13:46:02"}
info: Server connected to 8040 {"timestamp":"2021-05-10 13:46:09"}
info: Connection Successful! {"timestamp":"2021-05-10 13:46:09"}
info: Server connected to 8040 {"timestamp":"2021-05-10 13:47:18"}
info: Connection Successful! {"timestamp":"2021-05-10 13:47:18"}
info: Server connected to 8040 {"timestamp":"2021-05-10 13:47:36"}
info: Connection Successful! {"timestamp":"2021-05-10 13:47:36"}
info: Server connected to 8040 {"timestamp":"2021-05-10 13:50:34"}
info: Connection Successful! {"timestamp":"2021-05-10 13:50:34"}
info: Server connected to 8040 {"timestamp":"2021-05-10 13:52:25"}
info: Connection Successful! {"timestamp":"2021-05-10 13:52:25"}
info: Server connected to 8040 {"timestamp":"2021-05-10 13:56:42"}
info: Connection Successful! {"timestamp":"2021-05-10 13:56:42"}
info: Server connected to 8040 {"timestamp":"2021-05-10 14:01:24"}
info: Connection Successful! {"timestamp":"2021-05-10 14:01:25"}
info: Server connected to 8040 {"timestamp":"2021-05-10 14:02:20"}
info: Connection Successful! {"timestamp":"2021-05-10 14:02:20"}
info: Server connected to 8040 {"timestamp":"2021-05-10 14:03:28"}
info: Connection Successful! {"timestamp":"2021-05-10 14:03:28"}
info: Server connected to 8040 {"timestamp":"2021-05-10 14:03:57"}
info: Connection Successful! {"timestamp":"2021-05-10 14:03:57"}
info: Server connected to 8040 {"timestamp":"2021-05-10 14:13:12"}
info: Connection Successful! {"timestamp":"2021-05-10 14:13:12"}
info: Server connected to 8040 {"timestamp":"2021-05-10 14:14:47"}
info: Connection Successful! {"timestamp":"2021-05-10 14:14:47"}
info: Server connected to 8040 {"timestamp":"2021-05-10 14:14:51"}
info: Connection Successful! {"timestamp":"2021-05-10 14:14:51"}
info: Server connected to 8040 {"timestamp":"2021-05-10 14:41:11"}
info: Connection Successful! {"timestamp":"2021-05-10 14:41:11"}
info: Session Created for User:-  payal@gmail.com {"timestamp":"2021-05-10 14:41:36"}
info: Server connected to 8040 {"timestamp":"2021-05-10 14:42:16"}
info: Connection Successful! {"timestamp":"2021-05-10 14:42:16"}
error: User Not Found {"timestamp":"2021-05-10 14:42:17"}
error: Please, Login first {"timestamp":"2021-05-10 14:42:17"}
info: Server connected to 8040 {"timestamp":"2021-05-10 14:42:43"}
info: Connection Successful! {"timestamp":"2021-05-10 14:42:43"}
info: Server connected to 8040 {"timestamp":"2021-05-10 14:43:07"}
info: Connection Successful! {"timestamp":"2021-05-10 14:43:07"}
info: Session Created for User:-  payal@gmail.com {"timestamp":"2021-05-10 14:43:31"}
info: Server connected to 8040 {"timestamp":"2021-05-10 14:44:47"}
info: Connection Successful! {"timestamp":"2021-05-10 14:44:47"}
error: User Not Found {"timestamp":"2021-05-10 14:44:55"}
error: Please, Login first {"timestamp":"2021-05-10 14:44:55"}
info: Server connected to 8040 {"timestamp":"2021-05-10 14:45:24"}
info: Connection Successful! {"timestamp":"2021-05-10 14:45:24"}
info: Session Created for User:-  payal@gmail.com {"timestamp":"2021-05-10 14:45:44"}
info: Server connected to 8040 {"timestamp":"2021-05-10 14:47:37"}
info: Connection Successful! {"timestamp":"2021-05-10 14:47:37"}
error: User Not Found {"timestamp":"2021-05-10 14:47:37"}
error: Please, Login first {"timestamp":"2021-05-10 14:47:37"}
info: Server connected to 8040 {"timestamp":"2021-05-10 14:47:44"}
info: Connection Successful! {"timestamp":"2021-05-10 14:47:44"}
info: Session Created for User:-  payal@gmail.com {"timestamp":"2021-05-10 14:48:06"}
info: Server connected to 8040 {"timestamp":"2021-05-10 14:48:43"}
info: Connection Successful! {"timestamp":"2021-05-10 14:48:43"}
error: User Not Found {"timestamp":"2021-05-10 14:48:50"}
error: Please, Login first {"timestamp":"2021-05-10 14:48:50"}
info: Server connected to 8040 {"timestamp":"2021-05-10 14:49:19"}
info: Connection Successful! {"timestamp":"2021-05-10 14:49:19"}
info: Session Created for User:-  payal@gmail.com {"timestamp":"2021-05-10 14:49:41"}
info: Server connected to 8040 {"timestamp":"2021-05-10 14:50:26"}
info: Connection Successful! {"timestamp":"2021-05-10 14:50:26"}
info: Logout!! {"timestamp":"2021-05-10 14:50:35"}
warn: Session Terminated!!! {"timestamp":"2021-05-10 14:50:35"}
info: Session Created for User:-  payal@gmail.com {"timestamp":"2021-05-10 14:50:47"}
info: Server connected to 8040 {"timestamp":"2021-05-10 14:51:47"}
info: Connection Successful! {"timestamp":"2021-05-10 14:51:47"}
info: Session Created for User:-  payal@gmail.com {"timestamp":"2021-05-10 14:52:12"}
info: Server connected to 8040 {"timestamp":"2021-05-10 14:53:36"}
info: Connection Successful! {"timestamp":"2021-05-10 14:53:36"}
info: Session Created for User:-  payal@gmail.com {"timestamp":"2021-05-10 14:53:57"}
info: Server connected to 8040 {"timestamp":"2021-05-10 14:57:14"}
info: Connection Successful! {"timestamp":"2021-05-10 14:57:14"}
info: Session Created for User:-  payal@gmail.com {"timestamp":"2021-05-10 14:57:32"}
info: Server connected to 8040 {"timestamp":"2021-05-10 14:58:00"}
info: Connection Successful! {"timestamp":"2021-05-10 14:58:01"}
info: Session Created for User:-  payal@gmail.com {"timestamp":"2021-05-10 14:58:14"}
info: Server connected to 8040 {"timestamp":"2021-05-10 14:59:06"}
error: User Not Found {"timestamp":"2021-05-10 14:59:06"}
error: Please, Login first {"timestamp":"2021-05-10 14:59:06"}
info: Connection Successful! {"timestamp":"2021-05-10 14:59:06"}
error: User Not Found {"timestamp":"2021-05-10 14:59:07"}
error: Please, Login first {"timestamp":"2021-05-10 14:59:07"}
info: Server connected to 8040 {"timestamp":"2021-05-10 14:59:36"}
info: Connection Successful! {"timestamp":"2021-05-10 14:59:36"}
info: Session Created for User:-  payal@gmail.com {"timestamp":"2021-05-10 14:59:52"}
info: Server connected to 8040 {"timestamp":"2021-05-10 15:00:17"}
info: Connection Successful! {"timestamp":"2021-05-10 15:00:17"}
info: Session Created for User:-  payal@gmail.com {"timestamp":"2021-05-10 15:00:43"}
info: Server connected to 8040 {"timestamp":"2021-05-10 15:01:21"}
info: Connection Successful! {"timestamp":"2021-05-10 15:01:21"}
info: Session Created for User:-  payal@gmail.com {"timestamp":"2021-05-10 15:01:39"}
info: Session Created for User:-  payal@gmail.com {"timestamp":"2021-05-10 15:02:10"}
info: Server connected to 8040 {"timestamp":"2021-05-10 15:02:47"}
info: Connection Successful! {"timestamp":"2021-05-10 15:02:47"}
error: User Not Found {"timestamp":"2021-05-10 15:02:48"}
error: Please, Login first {"timestamp":"2021-05-10 15:02:48"}
info: Server connected to 8040 {"timestamp":"2021-05-10 15:03:17"}
info: Connection Successful! {"timestamp":"2021-05-10 15:03:17"}
info: Server connected to 8040 {"timestamp":"2021-05-10 15:03:35"}
info: Connection Successful! {"timestamp":"2021-05-10 15:03:35"}
info: Session Created for User:-  payal@gmail.com {"timestamp":"2021-05-10 15:03:51"}
info: Server connected to 8040 {"timestamp":"2021-05-10 15:05:24"}
info: Connection Successful! {"timestamp":"2021-05-10 15:05:24"}
error: User Not Found {"timestamp":"2021-05-10 15:05:29"}
error: Please, Login first {"timestamp":"2021-05-10 15:05:29"}
info: Server connected to 8040 {"timestamp":"2021-05-10 15:05:42"}
info: Connection Successful! {"timestamp":"2021-05-10 15:05:42"}
info: Session Created for User:-  payal@gmail.com {"timestamp":"2021-05-10 15:06:14"}
info: Server connected to 8040 {"timestamp":"2021-05-10 15:07:14"}
info: Connection Successful! {"timestamp":"2021-05-10 15:07:14"}
info: Logout!! {"timestamp":"2021-05-10 15:07:18"}
warn: Session Terminated!!! {"timestamp":"2021-05-10 15:07:18"}
info: Session Created for User:-  payal@gmail.com {"timestamp":"2021-05-10 15:07:29"}
info: Server connected to 8040 {"timestamp":"2021-05-10 15:07:52"}
info: Connection Successful! {"timestamp":"2021-05-10 15:07:52"}
error: User Not Found {"timestamp":"2021-05-10 15:07:54"}
error: Please, Login first {"timestamp":"2021-05-10 15:07:54"}
info: Server connected to 8040 {"timestamp":"2021-05-10 15:08:01"}
info: Connection Successful! {"timestamp":"2021-05-10 15:08:01"}
info: Session Created for User:-  payal@gmail.com {"timestamp":"2021-05-10 15:08:15"}
info: Session Created for User:-  payal@gmail.com {"timestamp":"2021-05-10 15:08:33"}
info: Session Created for User:-  payal@gmail.com {"timestamp":"2021-05-10 15:09:58"}
info: Server connected to 8040 {"timestamp":"2021-05-10 15:13:32"}
info: Connection Successful! {"timestamp":"2021-05-10 15:13:32"}
info: Logout!! {"timestamp":"2021-05-10 15:13:34"}
warn: Session Terminated!!! {"timestamp":"2021-05-10 15:13:34"}
info: Session Created for User:-  payal@gmail.com {"timestamp":"2021-05-10 15:13:45"}
info: Session Created for User:-  payal@gmail.com {"timestamp":"2021-05-10 15:14:23"}
info: Server connected to 8040 {"timestamp":"2021-05-10 15:14:59"}
info: Connection Successful! {"timestamp":"2021-05-10 15:14:59"}
info: Logout!! {"timestamp":"2021-05-10 15:15:02"}
warn: Session Terminated!!! {"timestamp":"2021-05-10 15:15:02"}
info: Session Created for User:-  payal@gmail.com {"timestamp":"2021-05-10 15:15:14"}
info: Server connected to 8040 {"timestamp":"2021-05-10 15:15:44"}
info: Connection Successful! {"timestamp":"2021-05-10 15:15:44"}
info: Logout!! {"timestamp":"2021-05-10 15:15:46"}
warn: Session Terminated!!! {"timestamp":"2021-05-10 15:15:46"}
info: Session Created for User:-  payal@gmail.com {"timestamp":"2021-05-10 15:16:08"}
info: Server connected to 8040 {"timestamp":"2021-05-10 15:16:36"}
info: Connection Successful! {"timestamp":"2021-05-10 15:16:36"}
info: Server connected to 8040 {"timestamp":"2021-05-10 15:16:47"}
info: Connection Successful! {"timestamp":"2021-05-10 15:16:47"}
info: Logout!! {"timestamp":"2021-05-10 15:16:52"}
warn: Session Terminated!!! {"timestamp":"2021-05-10 15:16:52"}
info: Session Created for User:-  payal@gmail.com {"timestamp":"2021-05-10 15:17:08"}
info: Server connected to 8040 {"timestamp":"2021-05-10 15:22:30"}
info: Connection Successful! {"timestamp":"2021-05-10 15:22:30"}
info: Server connected to 8040 {"timestamp":"2021-05-10 15:24:01"}
info: Connection Successful! {"timestamp":"2021-05-10 15:24:01"}
info: Server connected to 8040 {"timestamp":"2021-05-10 15:26:24"}
info: Connection Successful! {"timestamp":"2021-05-10 15:26:24"}
info: Logout!! {"timestamp":"2021-05-10 15:26:45"}
warn: Session Terminated!!! {"timestamp":"2021-05-10 15:26:45"}
error: Wrong Credentials  {"timestamp":"2021-05-10 15:27:00"}
info: Record inserted Successfully {"timestamp":"2021-05-10 15:27:26"}
info: Session Created for User:-  payal@gmail.com {"timestamp":"2021-05-10 15:27:52"}
info: Information Updated!! {"timestamp":"2021-05-10 15:28:37"}
info: Server connected to 8040 {"timestamp":"2021-05-10 15:30:42"}
info: Connection Successful! {"timestamp":"2021-05-10 15:30:42"}
info: Server connected to 8040 {"timestamp":"2021-05-10 15:31:06"}
info: Connection Successful! {"timestamp":"2021-05-10 15:31:06"}
info: Logout!! {"timestamp":"2021-05-10 15:31:06"}
warn: Session Terminated!!! {"timestamp":"2021-05-10 15:31:06"}
info: Session Created for User:-  payal@gmail.com {"timestamp":"2021-05-10 15:31:21"}
info: Server connected to 8040 {"timestamp":"2021-05-10 15:31:42"}
info: Connection Successful! {"timestamp":"2021-05-10 15:31:42"}
info: Session Created for User:-  payal@gmail.com {"timestamp":"2021-05-10 15:32:01"}
info: Server connected to 8040 {"timestamp":"2021-05-10 15:32:54"}
info: Connection Successful! {"timestamp":"2021-05-10 15:32:54"}
error: User Not Found {"timestamp":"2021-05-10 15:32:54"}
error: Please, Login first {"timestamp":"2021-05-10 15:32:54"}
info: Server connected to 8040 {"timestamp":"2021-05-10 15:32:59"}
info: Connection Successful! {"timestamp":"2021-05-10 15:32:59"}
info: Session Created for User:-  payal@gmail.com {"timestamp":"2021-05-10 15:33:23"}
info: Server connected to 8040 {"timestamp":"2021-05-10 15:34:13"}
info: Connection Successful! {"timestamp":"2021-05-10 15:34:13"}
info: Server connected to 8040 {"timestamp":"2021-05-10 15:34:57"}
info: Connection Successful! {"timestamp":"2021-05-10 15:34:57"}
info: Server connected to 8040 {"timestamp":"2021-05-10 15:35:14"}
info: Connection Successful! {"timestamp":"2021-05-10 15:35:14"}
info: Session Created for User:-  payal@gmail.com {"timestamp":"2021-05-10 15:35:32"}
info: Information Updated!! {"timestamp":"2021-05-10 15:36:34"}
info: Logout!! {"timestamp":"2021-05-10 15:42:13"}
warn: Session Terminated!!! {"timestamp":"2021-05-10 15:42:13"}
info: Session Created for User:-  payal@gmail.com {"timestamp":"2021-05-10 15:42:55"}
info: Server connected to 8040 {"timestamp":"2021-05-10 15:44:05"}
info: Connection Successful! {"timestamp":"2021-05-10 15:44:05"}
info: Server connected to 8040 {"timestamp":"2021-05-10 15:44:20"}
info: Connection Successful! {"timestamp":"2021-05-10 15:44:20"}
info: Logout!! {"timestamp":"2021-05-10 15:44:25"}
warn: Session Terminated!!! {"timestamp":"2021-05-10 15:44:25"}
info: Session Created for User:-  payal@gmail.com {"timestamp":"2021-05-10 15:44:38"}
info: Session Created for User:-  payal@gmail.com {"timestamp":"2021-05-10 15:46:09"}
info: Server connected to 8040 {"timestamp":"2021-05-12 17:23:20"}
info: Connection Successful! {"timestamp":"2021-05-12 17:23:23"}
info: Server connected to 8040 {"timestamp":"2021-05-27 12:11:43"}
info: Connection Successful! {"timestamp":"2021-05-27 12:11:49"}
info: Server connected to 8040 {"timestamp":"2021-05-27 12:15:49"}
info: Connection Successful! {"timestamp":"2021-05-27 12:15:55"}
info: Server connected to 8040 {"timestamp":"2021-05-27 12:19:04"}
info: Connection Successful! {"timestamp":"2021-05-27 12:19:07"}
info: Server connected to 8040 {"timestamp":"2021-05-27 12:23:07"}
info: Connection Successful! {"timestamp":"2021-05-27 12:23:11"}
info: Session Created for User:-  pranishkumbhar37@gmail.com {"timestamp":"2021-05-27 12:25:54"}
info: Server connected to 8040 {"timestamp":"2021-05-27 12:36:20"}
info: Connection Successful! {"timestamp":"2021-05-27 12:36:23"}
info: Server connected to 8040 {"timestamp":"2021-05-27 12:52:24"}
info: Connection Successful! {"timestamp":"2021-05-27 12:52:29"}
info: Server connected to 8040 {"timestamp":"2021-05-27 12:58:27"}
info: Connection Successful! {"timestamp":"2021-05-27 12:58:30"}
info: Server connected to 8040 {"timestamp":"2021-05-27 12:59:42"}
info: Connection Successful! {"timestamp":"2021-05-27 12:59:45"}
info: Server connected to 8040 {"timestamp":"2021-05-27 13:01:44"}
info: Connection Successful! {"timestamp":"2021-05-27 13:01:47"}
info: Server connected to 8040 {"timestamp":"2021-05-27 13:04:05"}
info: Connection Successful! {"timestamp":"2021-05-27 13:04:08"}
info: Server connected to 8040 {"timestamp":"2021-05-27 13:10:37"}
info: Connection Successful! {"timestamp":"2021-05-27 13:10:40"}
info: Session Created for User:-  payalchavan820@gmail.com {"timestamp":"2021-05-27 13:33:55"}
info: Session Created for User:-  payalchavan820@gmail.com {"timestamp":"2021-05-27 13:38:37"}
info: Server connected to 8040 {"timestamp":"2021-05-28 14:04:31"}
info: Connection Successful! {"timestamp":"2021-05-28 14:04:34"}
info: Server connected to 8040 {"timestamp":"2021-05-28 14:13:02"}
info: Connection Successful! {"timestamp":"2021-05-28 14:13:06"}
info: Server connected to 8040 {"timestamp":"2021-05-28 14:17:16"}
info: Connection Successful! {"timestamp":"2021-05-28 14:17:19"}
info: Server connected to 8040 {"timestamp":"2021-05-28 14:31:00"}
info: Connection Successful! {"timestamp":"2021-05-28 14:31:03"}
info: Server connected to 8040 {"timestamp":"2021-05-28 16:21:51"}
info: Connection Successful! {"timestamp":"2021-05-28 16:21:58"}
info: Server connected to 8040 {"timestamp":"2021-05-28 16:33:20"}
info: Connection Successful! {"timestamp":"2021-05-28 16:33:24"}
info: Server connected to 8040 {"timestamp":"2021-05-28 16:41:41"}
info: Connection Successful! {"timestamp":"2021-05-28 16:41:45"}
info: Server connected to 8040 {"timestamp":"2021-05-28 22:18:09"}
info: Connection Successful! {"timestamp":"2021-05-28 22:18:13"}
info: Server connected to 8040 {"timestamp":"2021-05-28 22:47:43"}
info: Connection Successful! {"timestamp":"2021-05-28 22:47:47"}
info: Session Created for User:-  pranishkumbhar37@gmail.com {"timestamp":"2021-05-28 22:53:38"}
info: Logout!! {"timestamp":"2021-05-28 22:58:27"}
warn: Session Terminated!!! {"timestamp":"2021-05-28 22:58:27"}
info: Server connected to 8040 {"timestamp":"2021-05-28 23:03:09"}
info: Connection Successful! {"timestamp":"2021-05-28 23:03:13"}
info: Server connected to 8040 {"timestamp":"2021-05-28 23:04:26"}
info: Connection Successful! {"timestamp":"2021-05-28 23:04:30"}
info: Server connected to 8040 {"timestamp":"2021-05-28 23:05:13"}
info: Server connected to 8040 {"timestamp":"2021-05-28 23:05:15"}
info: Connection Successful! {"timestamp":"2021-05-28 23:05:18"}
info: Server connected to 8040 {"timestamp":"2021-05-28 23:05:30"}
info: Connection Successful! {"timestamp":"2021-05-28 23:05:33"}
info: Server connected to 8040 {"timestamp":"2021-05-28 23:14:03"}
info: Connection Successful! {"timestamp":"2021-05-28 23:14:07"}
info: Server connected to 8040 {"timestamp":"2021-05-29 11:52:37"}
info: Connection Successful! {"timestamp":"2021-05-29 11:52:48"}
info: Session Created for User:-  pranishkumbhar37@gmail.com {"timestamp":"2021-05-29 11:53:47"}
info: Session Created for User:-  pranishkumbhar37@gmail.com {"timestamp":"2021-05-29 11:55:09"}
info: Information Updated!! {"timestamp":"2021-05-29 11:55:09"}
info: Session Created for User:-  pranishkumbhar37@gmail.com {"timestamp":"2021-05-29 15:39:09"}
info: Server connected to 8040 {"timestamp":"2021-05-29 15:41:04"}
info: Connection Successful! {"timestamp":"2021-05-29 15:41:08"}
info: Server connected to 8040 {"timestamp":"2021-05-29 15:41:23"}
info: Connection Successful! {"timestamp":"2021-05-29 15:41:26"}
